2023-04-23 00:02:51.431  INFO MacBook-Air-Nina.local --- [kground-preinit] o.h.v.i.u.Version                        : HV000001: Hibernate Validator 8.0.0.Final
2023-04-23 00:02:51.450  INFO MacBook-Air-Nina.local --- [           main] L.LW1Application                         : Starting LW1Application using Java 17.0.6 with PID 2388 (/Users/nina/Java/LW1/target/classes started by nina in /Users/nina/Java/LW1)
2023-04-23 00:02:51.452  INFO MacBook-Air-Nina.local --- [           main] L.LW1Application                         : No active profile set, falling back to 1 default profile: "default"
2023-04-23 00:02:51.972  INFO MacBook-Air-Nina.local --- [           main] o.s.b.w.e.t.TomcatWebServer              : Tomcat initialized with port(s): 8080 (http)
2023-04-23 00:02:51.977  INFO MacBook-Air-Nina.local --- [           main] o.a.c.h.Http11NioProtocol                : Initializing ProtocolHandler ["http-nio-8080"]
2023-04-23 00:02:51.977  INFO MacBook-Air-Nina.local --- [           main] o.a.c.c.StandardService                  : Starting service [Tomcat]
2023-04-23 00:02:51.977  INFO MacBook-Air-Nina.local --- [           main] o.a.c.c.StandardEngine                   : Starting Servlet engine: [Apache Tomcat/10.1.5]
2023-04-23 00:02:52.015  INFO MacBook-Air-Nina.local --- [           main] o.a.c.c.C.[.[.[/]                        : Initializing Spring embedded WebApplicationContext
2023-04-23 00:02:52.016  INFO MacBook-Air-Nina.local --- [           main] w.s.c.ServletWebServerApplicationContext : Root WebApplicationContext: initialization completed in 543 ms
2023-04-23 00:02:52.105  INFO MacBook-Air-Nina.local --- [           main] L.s.CalculationServiceImpl               : Statistical data is sent
2023-04-23 00:02:52.326  INFO MacBook-Air-Nina.local --- [           main] o.s.b.a.e.w.EndpointLinksResolver        : Exposing 1 endpoint(s) beneath base path '/actuator'
2023-04-23 00:02:52.347  INFO MacBook-Air-Nina.local --- [           main] o.a.c.h.Http11NioProtocol                : Starting ProtocolHandler ["http-nio-8080"]
2023-04-23 00:02:52.355  INFO MacBook-Air-Nina.local --- [           main] o.s.b.w.e.t.TomcatWebServer              : Tomcat started on port(s): 8080 (http) with context path ''
2023-04-23 00:02:52.363  INFO MacBook-Air-Nina.local --- [           main] L.LW1Application                         : Started LW1Application in 1.052 seconds (process running for 1.462)
2023-04-23 00:02:55.313  INFO MacBook-Air-Nina.local --- [nio-8080-exec-1] o.a.c.c.C.[.[.[/]                        : Initializing Spring DispatcherServlet 'dispatcherServlet'
2023-04-23 00:02:55.314  INFO MacBook-Air-Nina.local --- [nio-8080-exec-1] o.s.w.s.DispatcherServlet                : Initializing Servlet 'dispatcherServlet'
2023-04-23 00:02:55.315  INFO MacBook-Air-Nina.local --- [nio-8080-exec-1] o.s.w.s.DispatcherServlet                : Completed initialization in 1 ms
2023-04-23 00:02:55.367  INFO MacBook-Air-Nina.local --- [nio-8080-exec-1] L.s.CalculationServiceImpl               : Bulk request received!
2023-04-23 00:02:55.367  INFO MacBook-Air-Nina.local --- [nio-8080-exec-1] L.s.CalculationServiceImpl               : Updated number of calls: 1
2023-04-23 00:02:55.368  INFO MacBook-Air-Nina.local --- [nio-8080-exec-1] L.s.CalculationServiceImpl               : INTERNAL_SERVER_ERROR occurred
2023-04-23 00:03:50.233  INFO MacBook-Air-Nina.local --- [kground-preinit] o.h.v.i.u.Version                        : HV000001: Hibernate Validator 8.0.0.Final
2023-04-23 00:03:50.253  INFO MacBook-Air-Nina.local --- [           main] L.LW1Application                         : Starting LW1Application using Java 17.0.6 with PID 2393 (/Users/nina/Java/LW1/target/classes started by nina in /Users/nina/Java/LW1)
2023-04-23 00:03:50.255  INFO MacBook-Air-Nina.local --- [           main] L.LW1Application                         : No active profile set, falling back to 1 default profile: "default"
2023-04-23 00:03:50.803  INFO MacBook-Air-Nina.local --- [           main] o.s.b.w.e.t.TomcatWebServer              : Tomcat initialized with port(s): 8080 (http)
2023-04-23 00:03:50.807  INFO MacBook-Air-Nina.local --- [           main] o.a.c.h.Http11NioProtocol                : Initializing ProtocolHandler ["http-nio-8080"]
2023-04-23 00:03:50.807  INFO MacBook-Air-Nina.local --- [           main] o.a.c.c.StandardService                  : Starting service [Tomcat]
2023-04-23 00:03:50.807  INFO MacBook-Air-Nina.local --- [           main] o.a.c.c.StandardEngine                   : Starting Servlet engine: [Apache Tomcat/10.1.5]
2023-04-23 00:03:50.844  INFO MacBook-Air-Nina.local --- [           main] o.a.c.c.C.[.[.[/]                        : Initializing Spring embedded WebApplicationContext
2023-04-23 00:03:50.845  INFO MacBook-Air-Nina.local --- [           main] w.s.c.ServletWebServerApplicationContext : Root WebApplicationContext: initialization completed in 566 ms
2023-04-23 00:03:50.917  INFO MacBook-Air-Nina.local --- [           main] L.s.CalculationServiceImpl               : Statistical data is sent
2023-04-23 00:03:51.150  INFO MacBook-Air-Nina.local --- [           main] o.s.b.a.e.w.EndpointLinksResolver        : Exposing 1 endpoint(s) beneath base path '/actuator'
2023-04-23 00:03:51.171  INFO MacBook-Air-Nina.local --- [           main] o.a.c.h.Http11NioProtocol                : Starting ProtocolHandler ["http-nio-8080"]
2023-04-23 00:03:51.182  INFO MacBook-Air-Nina.local --- [           main] o.s.b.w.e.t.TomcatWebServer              : Tomcat started on port(s): 8080 (http) with context path ''
2023-04-23 00:03:51.194  INFO MacBook-Air-Nina.local --- [           main] L.LW1Application                         : Started LW1Application in 1.075 seconds (process running for 1.685)
2023-04-23 00:03:53.504  INFO MacBook-Air-Nina.local --- [nio-8080-exec-2] o.a.c.c.C.[.[.[/]                        : Initializing Spring DispatcherServlet 'dispatcherServlet'
2023-04-23 00:03:53.504  INFO MacBook-Air-Nina.local --- [nio-8080-exec-2] o.s.w.s.DispatcherServlet                : Initializing Servlet 'dispatcherServlet'
2023-04-23 00:03:53.505  INFO MacBook-Air-Nina.local --- [nio-8080-exec-2] o.s.w.s.DispatcherServlet                : Completed initialization in 1 ms
2023-04-23 00:03:53.550  INFO MacBook-Air-Nina.local --- [nio-8080-exec-2] L.s.CalculationServiceImpl               : Bulk request received!
2023-04-23 00:03:53.551  INFO MacBook-Air-Nina.local --- [nio-8080-exec-2] L.s.CalculationServiceImpl               : Updated number of calls: 1
2023-04-23 00:03:53.552  INFO MacBook-Air-Nina.local --- [nio-8080-exec-2] L.s.CalculationServiceImpl               : INTERNAL_SERVER_ERROR occurred
2023-04-23 00:06:25.727  INFO MacBook-Air-Nina.local --- [kground-preinit] o.h.v.i.u.Version                        : HV000001: Hibernate Validator 8.0.0.Final
2023-04-23 00:06:25.747  INFO MacBook-Air-Nina.local --- [           main] L.LW1Application                         : Starting LW1Application using Java 17.0.6 with PID 2399 (/Users/nina/Java/LW1/target/classes started by nina in /Users/nina/Java/LW1)
2023-04-23 00:06:25.749  INFO MacBook-Air-Nina.local --- [           main] L.LW1Application                         : No active profile set, falling back to 1 default profile: "default"
2023-04-23 00:06:26.275  INFO MacBook-Air-Nina.local --- [           main] o.s.b.w.e.t.TomcatWebServer              : Tomcat initialized with port(s): 8080 (http)
2023-04-23 00:06:26.279  INFO MacBook-Air-Nina.local --- [           main] o.a.c.h.Http11NioProtocol                : Initializing ProtocolHandler ["http-nio-8080"]
2023-04-23 00:06:26.280  INFO MacBook-Air-Nina.local --- [           main] o.a.c.c.StandardService                  : Starting service [Tomcat]
2023-04-23 00:06:26.280  INFO MacBook-Air-Nina.local --- [           main] o.a.c.c.StandardEngine                   : Starting Servlet engine: [Apache Tomcat/10.1.5]
2023-04-23 00:06:26.317  INFO MacBook-Air-Nina.local --- [           main] o.a.c.c.C.[.[.[/]                        : Initializing Spring embedded WebApplicationContext
2023-04-23 00:06:26.318  INFO MacBook-Air-Nina.local --- [           main] w.s.c.ServletWebServerApplicationContext : Root WebApplicationContext: initialization completed in 547 ms
2023-04-23 00:06:26.385  WARN MacBook-Air-Nina.local --- [           main] ConfigServletWebServerApplicationContext : Exception encountered during context initialization - cancelling refresh attempt: org.springframework.beans.factory.UnsatisfiedDependencyException: Error creating bean with name 'aggregation' defined in file [/Users/nina/Java/LW1/target/classes/LW1/aggregation/Aggregation.class]: Unsatisfied dependency expressed through constructor parameter 1: No qualifying bean of type 'boolean' available: expected at least 1 bean which qualifies as autowire candidate. Dependency annotations: {}
2023-04-23 00:06:26.386  INFO MacBook-Air-Nina.local --- [           main] o.a.c.c.StandardService                  : Stopping service [Tomcat]
2023-04-23 00:06:26.399  INFO MacBook-Air-Nina.local --- [           main] .s.b.a.l.ConditionEvaluationReportLogger : 

Error starting ApplicationContext. To display the condition evaluation report re-run your application with 'debug' enabled.
2023-04-23 00:06:26.407 ERROR MacBook-Air-Nina.local --- [           main] o.s.b.d.LoggingFailureAnalysisReporter   : 

***************************
APPLICATION FAILED TO START
***************************

Description:

Parameter 1 of constructor in LW1.aggregation.Aggregation required a bean of type 'boolean' that could not be found.


Action:

Consider defining a bean of type 'boolean' in your configuration.

2023-04-23 00:07:13.872  INFO MacBook-Air-Nina.local --- [kground-preinit] o.h.v.i.u.Version                        : HV000001: Hibernate Validator 8.0.0.Final
2023-04-23 00:07:13.892  INFO MacBook-Air-Nina.local --- [           main] L.LW1Application                         : Starting LW1Application using Java 17.0.6 with PID 2407 (/Users/nina/Java/LW1/target/classes started by nina in /Users/nina/Java/LW1)
2023-04-23 00:07:13.893  INFO MacBook-Air-Nina.local --- [           main] L.LW1Application                         : No active profile set, falling back to 1 default profile: "default"
2023-04-23 00:07:14.393  INFO MacBook-Air-Nina.local --- [           main] o.s.b.w.e.t.TomcatWebServer              : Tomcat initialized with port(s): 8080 (http)
2023-04-23 00:07:14.396  INFO MacBook-Air-Nina.local --- [           main] o.a.c.h.Http11NioProtocol                : Initializing ProtocolHandler ["http-nio-8080"]
2023-04-23 00:07:14.397  INFO MacBook-Air-Nina.local --- [           main] o.a.c.c.StandardService                  : Starting service [Tomcat]
2023-04-23 00:07:14.397  INFO MacBook-Air-Nina.local --- [           main] o.a.c.c.StandardEngine                   : Starting Servlet engine: [Apache Tomcat/10.1.5]
2023-04-23 00:07:14.432  INFO MacBook-Air-Nina.local --- [           main] o.a.c.c.C.[.[.[/]                        : Initializing Spring embedded WebApplicationContext
2023-04-23 00:07:14.432  INFO MacBook-Air-Nina.local --- [           main] w.s.c.ServletWebServerApplicationContext : Root WebApplicationContext: initialization completed in 517 ms
2023-04-23 00:07:14.506  WARN MacBook-Air-Nina.local --- [           main] ConfigServletWebServerApplicationContext : Exception encountered during context initialization - cancelling refresh attempt: org.springframework.beans.factory.UnsatisfiedDependencyException: Error creating bean with name 'aggregation' defined in file [/Users/nina/Java/LW1/target/classes/LW1/aggregation/Aggregation.class]: Unsatisfied dependency expressed through constructor parameter 1: No qualifying bean of type 'int' available: expected at least 1 bean which qualifies as autowire candidate. Dependency annotations: {}
2023-04-23 00:07:14.508  INFO MacBook-Air-Nina.local --- [           main] o.a.c.c.StandardService                  : Stopping service [Tomcat]
2023-04-23 00:07:14.517  INFO MacBook-Air-Nina.local --- [           main] .s.b.a.l.ConditionEvaluationReportLogger : 

Error starting ApplicationContext. To display the condition evaluation report re-run your application with 'debug' enabled.
2023-04-23 00:07:14.524 ERROR MacBook-Air-Nina.local --- [           main] o.s.b.d.LoggingFailureAnalysisReporter   : 

***************************
APPLICATION FAILED TO START
***************************

Description:

Parameter 1 of constructor in LW1.aggregation.Aggregation required a bean of type 'int' that could not be found.


Action:

Consider defining a bean of type 'int' in your configuration.

2023-04-23 00:11:33.584  INFO MacBook-Air-Nina.local --- [kground-preinit] o.h.v.i.u.Version                        : HV000001: Hibernate Validator 8.0.0.Final
2023-04-23 00:11:33.603  INFO MacBook-Air-Nina.local --- [           main] L.LW1Application                         : Starting LW1Application using Java 17.0.6 with PID 2422 (/Users/nina/Java/LW1/target/classes started by nina in /Users/nina/Java/LW1)
2023-04-23 00:11:33.604  INFO MacBook-Air-Nina.local --- [           main] L.LW1Application                         : No active profile set, falling back to 1 default profile: "default"
2023-04-23 00:11:34.095  INFO MacBook-Air-Nina.local --- [           main] o.s.b.w.e.t.TomcatWebServer              : Tomcat initialized with port(s): 8080 (http)
2023-04-23 00:11:34.098  INFO MacBook-Air-Nina.local --- [           main] o.a.c.h.Http11NioProtocol                : Initializing ProtocolHandler ["http-nio-8080"]
2023-04-23 00:11:34.099  INFO MacBook-Air-Nina.local --- [           main] o.a.c.c.StandardService                  : Starting service [Tomcat]
2023-04-23 00:11:34.099  INFO MacBook-Air-Nina.local --- [           main] o.a.c.c.StandardEngine                   : Starting Servlet engine: [Apache Tomcat/10.1.5]
2023-04-23 00:11:34.133  INFO MacBook-Air-Nina.local --- [           main] o.a.c.c.C.[.[.[/]                        : Initializing Spring embedded WebApplicationContext
2023-04-23 00:11:34.134  INFO MacBook-Air-Nina.local --- [           main] w.s.c.ServletWebServerApplicationContext : Root WebApplicationContext: initialization completed in 509 ms
2023-04-23 00:11:34.201  INFO MacBook-Air-Nina.local --- [           main] L.s.CalculationServiceImpl               : Statistical data is sent
2023-04-23 00:11:34.409  INFO MacBook-Air-Nina.local --- [           main] o.s.b.a.e.w.EndpointLinksResolver        : Exposing 1 endpoint(s) beneath base path '/actuator'
2023-04-23 00:11:34.429  INFO MacBook-Air-Nina.local --- [           main] o.a.c.h.Http11NioProtocol                : Starting ProtocolHandler ["http-nio-8080"]
2023-04-23 00:11:34.438  INFO MacBook-Air-Nina.local --- [           main] o.s.b.w.e.t.TomcatWebServer              : Tomcat started on port(s): 8080 (http) with context path ''
2023-04-23 00:11:34.446  INFO MacBook-Air-Nina.local --- [           main] L.LW1Application                         : Started LW1Application in 0.968 seconds (process running for 1.438)
2023-04-23 00:11:37.884  INFO MacBook-Air-Nina.local --- [nio-8080-exec-1] o.a.c.c.C.[.[.[/]                        : Initializing Spring DispatcherServlet 'dispatcherServlet'
2023-04-23 00:11:37.884  INFO MacBook-Air-Nina.local --- [nio-8080-exec-1] o.s.w.s.DispatcherServlet                : Initializing Servlet 'dispatcherServlet'
2023-04-23 00:11:37.886  INFO MacBook-Air-Nina.local --- [nio-8080-exec-1] o.s.w.s.DispatcherServlet                : Completed initialization in 1 ms
2023-04-23 00:11:37.939  INFO MacBook-Air-Nina.local --- [nio-8080-exec-1] L.s.CalculationServiceImpl               : Bulk request received!
2023-04-23 00:11:37.939  INFO MacBook-Air-Nina.local --- [nio-8080-exec-1] L.s.CalculationServiceImpl               : Updated number of calls: 1
2023-04-23 00:11:37.941  INFO MacBook-Air-Nina.local --- [nio-8080-exec-1] L.s.CalculationServiceImpl               : The mean value was calculated
2023-04-23 00:11:37.942  INFO MacBook-Air-Nina.local --- [nio-8080-exec-1] L.s.CalculationServiceImpl               : The mean value was calculated
2023-04-23 00:11:37.942  INFO MacBook-Air-Nina.local --- [nio-8080-exec-1] L.s.CalculationServiceImpl               : The mean value was calculated
2023-04-23 00:11:37.942  INFO MacBook-Air-Nina.local --- [nio-8080-exec-1] L.s.CalculationServiceImpl               : Data retrieved!
2023-04-23 00:11:37.942  INFO MacBook-Air-Nina.local --- [nio-8080-exec-1] L.s.CalculationServiceImpl               : Statistical data is sent
2023-04-23 00:13:47.572  INFO MacBook-Air-Nina.local --- [kground-preinit] o.h.v.i.u.Version                        : HV000001: Hibernate Validator 8.0.0.Final
2023-04-23 00:13:47.592  INFO MacBook-Air-Nina.local --- [           main] L.LW1Application                         : Starting LW1Application using Java 17.0.6 with PID 2435 (/Users/nina/Java/LW1/target/classes started by nina in /Users/nina/Java/LW1)
2023-04-23 00:13:47.594  INFO MacBook-Air-Nina.local --- [           main] L.LW1Application                         : No active profile set, falling back to 1 default profile: "default"
2023-04-23 00:13:48.182  INFO MacBook-Air-Nina.local --- [           main] o.s.b.w.e.t.TomcatWebServer              : Tomcat initialized with port(s): 8080 (http)
2023-04-23 00:13:48.191  INFO MacBook-Air-Nina.local --- [           main] o.a.c.h.Http11NioProtocol                : Initializing ProtocolHandler ["http-nio-8080"]
2023-04-23 00:13:48.192  INFO MacBook-Air-Nina.local --- [           main] o.a.c.c.StandardService                  : Starting service [Tomcat]
2023-04-23 00:13:48.192  INFO MacBook-Air-Nina.local --- [           main] o.a.c.c.StandardEngine                   : Starting Servlet engine: [Apache Tomcat/10.1.5]
2023-04-23 00:13:48.236  INFO MacBook-Air-Nina.local --- [           main] o.a.c.c.C.[.[.[/]                        : Initializing Spring embedded WebApplicationContext
2023-04-23 00:13:48.237  INFO MacBook-Air-Nina.local --- [           main] w.s.c.ServletWebServerApplicationContext : Root WebApplicationContext: initialization completed in 621 ms
2023-04-23 00:13:48.322  INFO MacBook-Air-Nina.local --- [           main] L.s.CalculationServiceImpl               : Statistical data is sent
2023-04-23 00:13:48.578  INFO MacBook-Air-Nina.local --- [           main] o.s.b.a.e.w.EndpointLinksResolver        : Exposing 1 endpoint(s) beneath base path '/actuator'
2023-04-23 00:13:48.601  INFO MacBook-Air-Nina.local --- [           main] o.a.c.h.Http11NioProtocol                : Starting ProtocolHandler ["http-nio-8080"]
2023-04-23 00:13:48.610  INFO MacBook-Air-Nina.local --- [           main] o.s.b.w.e.t.TomcatWebServer              : Tomcat started on port(s): 8080 (http) with context path ''
2023-04-23 00:13:48.623  INFO MacBook-Air-Nina.local --- [           main] L.LW1Application                         : Started LW1Application in 1.164 seconds (process running for 1.695)
2023-04-23 00:13:50.936  INFO MacBook-Air-Nina.local --- [nio-8080-exec-2] o.a.c.c.C.[.[.[/]                        : Initializing Spring DispatcherServlet 'dispatcherServlet'
2023-04-23 00:13:50.936  INFO MacBook-Air-Nina.local --- [nio-8080-exec-2] o.s.w.s.DispatcherServlet                : Initializing Servlet 'dispatcherServlet'
2023-04-23 00:13:50.937  INFO MacBook-Air-Nina.local --- [nio-8080-exec-2] o.s.w.s.DispatcherServlet                : Completed initialization in 1 ms
2023-04-23 00:13:50.990  INFO MacBook-Air-Nina.local --- [nio-8080-exec-2] L.s.CalculationServiceImpl               : Bulk request received!
2023-04-23 00:13:50.990  INFO MacBook-Air-Nina.local --- [nio-8080-exec-2] L.s.CalculationServiceImpl               : Updated number of calls: 1
2023-04-23 00:13:50.992  INFO MacBook-Air-Nina.local --- [nio-8080-exec-2] L.s.CalculationServiceImpl               : The mean value was calculated
2023-04-23 00:13:50.993  INFO MacBook-Air-Nina.local --- [nio-8080-exec-2] L.s.CalculationServiceImpl               : The mean value was calculated
2023-04-23 00:13:50.993  INFO MacBook-Air-Nina.local --- [nio-8080-exec-2] L.s.CalculationServiceImpl               : The mean value was calculated
2023-04-23 00:13:50.994  INFO MacBook-Air-Nina.local --- [nio-8080-exec-2] L.s.CalculationServiceImpl               : Data retrieved!
2023-04-23 00:13:50.994  INFO MacBook-Air-Nina.local --- [nio-8080-exec-2] L.s.CalculationServiceImpl               : Statistical data is sent
2023-04-23 12:12:36.485  INFO MacBook-Air-Nina.local --- [           main] t.c.s.AnnotationConfigContextLoaderUtils : Could not detect default configuration classes for test class [LW1.Lw1ApplicationTests]: Lw1ApplicationTests does not declare any static, non-private, non-final, nested classes annotated with @Configuration.
2023-04-23 12:12:36.535  INFO MacBook-Air-Nina.local --- [           main] .b.t.c.SpringBootTestContextBootstrapper : Found @SpringBootConfiguration LW1.LW1Application for test class LW1.Lw1ApplicationTests
2023-04-23 12:12:36.687  INFO MacBook-Air-Nina.local --- [kground-preinit] o.h.v.i.u.Version                        : HV000001: Hibernate Validator 8.0.0.Final
2023-04-23 12:12:36.705  INFO MacBook-Air-Nina.local --- [           main] L.Lw1ApplicationTests                    : Starting Lw1ApplicationTests using Java 17.0.6 with PID 1273 (started by nina in /Users/nina/Java/LW1)
2023-04-23 12:12:36.706  INFO MacBook-Air-Nina.local --- [           main] L.Lw1ApplicationTests                    : No active profile set, falling back to 1 default profile: "default"
2023-04-23 12:12:37.193  INFO MacBook-Air-Nina.local --- [           main] L.s.CalculationServiceImpl               : Statistical data is sent
2023-04-23 12:12:37.530  INFO MacBook-Air-Nina.local --- [           main] o.s.b.a.e.w.EndpointLinksResolver        : Exposing 1 endpoint(s) beneath base path '/actuator'
2023-04-23 12:12:37.556  INFO MacBook-Air-Nina.local --- [           main] L.Lw1ApplicationTests                    : Started Lw1ApplicationTests in 0.954 seconds (process running for 1.816)
2023-04-23 12:12:37.716  INFO MacBook-Air-Nina.local --- [           main] L.s.CalculationServiceImpl               : The mean value was calculated
2023-04-23 12:12:37.717  INFO MacBook-Air-Nina.local --- [           main] L.s.CalculationServiceImpl               : The mean value was calculated
2023-04-23 12:12:37.718  INFO MacBook-Air-Nina.local --- [           main] L.s.CalculationServiceImpl               : Mean value found: 4.0
2023-04-23 12:12:37.718  INFO MacBook-Air-Nina.local --- [           main] L.s.CalculationServiceImpl               : The mean value was calculated
2023-04-23 12:12:37.718  INFO MacBook-Air-Nina.local --- [           main] L.s.CalculationServiceImpl               : Mean value found: 4.0
2023-04-23 12:12:46.706  INFO MacBook-Air-Nina.local --- [kground-preinit] o.h.v.i.u.Version                        : HV000001: Hibernate Validator 8.0.0.Final
2023-04-23 12:12:46.725  INFO MacBook-Air-Nina.local --- [           main] L.LW1Application                         : Starting LW1Application using Java 17.0.6 with PID 1277 (/Users/nina/Java/LW1/target/classes started by nina in /Users/nina/Java/LW1)
2023-04-23 12:12:46.727  INFO MacBook-Air-Nina.local --- [           main] L.LW1Application                         : No active profile set, falling back to 1 default profile: "default"
2023-04-23 12:12:47.239  INFO MacBook-Air-Nina.local --- [           main] o.s.b.w.e.t.TomcatWebServer              : Tomcat initialized with port(s): 8080 (http)
2023-04-23 12:12:47.244  INFO MacBook-Air-Nina.local --- [           main] o.a.c.h.Http11NioProtocol                : Initializing ProtocolHandler ["http-nio-8080"]
2023-04-23 12:12:47.244  INFO MacBook-Air-Nina.local --- [           main] o.a.c.c.StandardService                  : Starting service [Tomcat]
2023-04-23 12:12:47.244  INFO MacBook-Air-Nina.local --- [           main] o.a.c.c.StandardEngine                   : Starting Servlet engine: [Apache Tomcat/10.1.5]
2023-04-23 12:12:47.290  INFO MacBook-Air-Nina.local --- [           main] o.a.c.c.C.[.[.[/]                        : Initializing Spring embedded WebApplicationContext
2023-04-23 12:12:47.291  INFO MacBook-Air-Nina.local --- [           main] w.s.c.ServletWebServerApplicationContext : Root WebApplicationContext: initialization completed in 541 ms
2023-04-23 12:12:47.366  INFO MacBook-Air-Nina.local --- [           main] L.s.CalculationServiceImpl               : Statistical data is sent
2023-04-23 12:12:47.617  INFO MacBook-Air-Nina.local --- [           main] o.s.b.a.e.w.EndpointLinksResolver        : Exposing 1 endpoint(s) beneath base path '/actuator'
2023-04-23 12:12:47.639  INFO MacBook-Air-Nina.local --- [           main] o.a.c.h.Http11NioProtocol                : Starting ProtocolHandler ["http-nio-8080"]
2023-04-23 12:12:47.643  WARN MacBook-Air-Nina.local --- [           main] ConfigServletWebServerApplicationContext : Exception encountered during context initialization - cancelling refresh attempt: org.springframework.context.ApplicationContextException: Failed to start bean 'webServerStartStop'
2023-04-23 12:12:47.645  INFO MacBook-Air-Nina.local --- [           main] o.a.c.h.Http11NioProtocol                : Pausing ProtocolHandler ["http-nio-8080"]
2023-04-23 12:12:47.645  INFO MacBook-Air-Nina.local --- [           main] o.a.c.c.StandardService                  : Stopping service [Tomcat]
2023-04-23 12:12:47.649  INFO MacBook-Air-Nina.local --- [           main] o.a.c.h.Http11NioProtocol                : Stopping ProtocolHandler ["http-nio-8080"]
2023-04-23 12:12:47.649  INFO MacBook-Air-Nina.local --- [           main] o.a.c.h.Http11NioProtocol                : Destroying ProtocolHandler ["http-nio-8080"]
2023-04-23 12:12:47.656  INFO MacBook-Air-Nina.local --- [           main] .s.b.a.l.ConditionEvaluationReportLogger : 

Error starting ApplicationContext. To display the condition evaluation report re-run your application with 'debug' enabled.
2023-04-23 12:12:47.664 ERROR MacBook-Air-Nina.local --- [           main] o.s.b.d.LoggingFailureAnalysisReporter   : 

***************************
APPLICATION FAILED TO START
***************************

Description:

Web server failed to start. Port 8080 was already in use.

Action:

Identify and stop the process that's listening on port 8080 or configure this application to listen on another port.

2023-04-23 12:14:06.968  INFO MacBook-Air-Nina.local --- [kground-preinit] o.h.v.i.u.Version                        : HV000001: Hibernate Validator 8.0.0.Final
2023-04-23 12:14:06.988  INFO MacBook-Air-Nina.local --- [           main] L.LW1Application                         : Starting LW1Application using Java 17.0.6 with PID 1319 (/Users/nina/Java/LW1/target/classes started by nina in /Users/nina/Java/LW1)
2023-04-23 12:14:06.989  INFO MacBook-Air-Nina.local --- [           main] L.LW1Application                         : No active profile set, falling back to 1 default profile: "default"
2023-04-23 12:14:07.501  INFO MacBook-Air-Nina.local --- [           main] o.s.b.w.e.t.TomcatWebServer              : Tomcat initialized with port(s): 8080 (http)
2023-04-23 12:14:07.505  INFO MacBook-Air-Nina.local --- [           main] o.a.c.h.Http11NioProtocol                : Initializing ProtocolHandler ["http-nio-8080"]
2023-04-23 12:14:07.505  INFO MacBook-Air-Nina.local --- [           main] o.a.c.c.StandardService                  : Starting service [Tomcat]
2023-04-23 12:14:07.505  INFO MacBook-Air-Nina.local --- [           main] o.a.c.c.StandardEngine                   : Starting Servlet engine: [Apache Tomcat/10.1.5]
2023-04-23 12:14:07.540  INFO MacBook-Air-Nina.local --- [           main] o.a.c.c.C.[.[.[/]                        : Initializing Spring embedded WebApplicationContext
2023-04-23 12:14:07.541  INFO MacBook-Air-Nina.local --- [           main] w.s.c.ServletWebServerApplicationContext : Root WebApplicationContext: initialization completed in 528 ms
2023-04-23 12:14:07.615  INFO MacBook-Air-Nina.local --- [           main] L.s.CalculationServiceImpl               : Statistical data is sent
2023-04-23 12:14:07.850  INFO MacBook-Air-Nina.local --- [           main] o.s.b.a.e.w.EndpointLinksResolver        : Exposing 1 endpoint(s) beneath base path '/actuator'
2023-04-23 12:14:07.869  INFO MacBook-Air-Nina.local --- [           main] o.a.c.h.Http11NioProtocol                : Starting ProtocolHandler ["http-nio-8080"]
2023-04-23 12:14:07.879  INFO MacBook-Air-Nina.local --- [           main] o.s.b.w.e.t.TomcatWebServer              : Tomcat started on port(s): 8080 (http) with context path ''
2023-04-23 12:14:07.886  INFO MacBook-Air-Nina.local --- [           main] L.LW1Application                         : Started LW1Application in 1.045 seconds (process running for 1.452)
2023-04-23 12:14:27.728  INFO MacBook-Air-Nina.local --- [nio-8080-exec-1] o.a.c.c.C.[.[.[/]                        : Initializing Spring DispatcherServlet 'dispatcherServlet'
2023-04-23 12:14:27.728  INFO MacBook-Air-Nina.local --- [nio-8080-exec-1] o.s.w.s.DispatcherServlet                : Initializing Servlet 'dispatcherServlet'
2023-04-23 12:14:27.729  INFO MacBook-Air-Nina.local --- [nio-8080-exec-1] o.s.w.s.DispatcherServlet                : Completed initialization in 1 ms
2023-04-23 12:14:27.786  INFO MacBook-Air-Nina.local --- [nio-8080-exec-1] L.s.CalculationServiceImpl               : Bulk request received!
2023-04-23 12:14:27.787  INFO MacBook-Air-Nina.local --- [nio-8080-exec-1] L.s.CalculationServiceImpl               : Updated number of calls: 1
2023-04-23 12:14:27.787  INFO MacBook-Air-Nina.local --- [nio-8080-exec-1] L.s.CalculationServiceImpl               : Statistical data is sent
2023-04-23 12:14:27.789  INFO MacBook-Air-Nina.local --- [nio-8080-exec-1] L.s.CalculationServiceImpl               : The mean value was calculated
2023-04-23 12:14:27.789  INFO MacBook-Air-Nina.local --- [nio-8080-exec-1] L.s.CalculationServiceImpl               : The mean value was calculated
2023-04-23 12:14:27.790  INFO MacBook-Air-Nina.local --- [nio-8080-exec-1] L.s.CalculationServiceImpl               : The mean value was calculated
2023-04-23 12:14:27.790  INFO MacBook-Air-Nina.local --- [nio-8080-exec-1] L.s.CalculationServiceImpl               : Data retrieved!
2023-04-23 12:14:27.790  INFO MacBook-Air-Nina.local --- [nio-8080-exec-1] L.s.CalculationServiceImpl               : Statistical data is sent
2023-04-23 12:15:57.124  INFO MacBook-Air-Nina.local --- [kground-preinit] o.h.v.i.u.Version                        : HV000001: Hibernate Validator 8.0.0.Final
2023-04-23 12:15:57.143  INFO MacBook-Air-Nina.local --- [           main] L.LW1Application                         : Starting LW1Application using Java 17.0.6 with PID 1352 (/Users/nina/Java/LW1/target/classes started by nina in /Users/nina/Java/LW1)
2023-04-23 12:15:57.145  INFO MacBook-Air-Nina.local --- [           main] L.LW1Application                         : No active profile set, falling back to 1 default profile: "default"
2023-04-23 12:15:57.684  INFO MacBook-Air-Nina.local --- [           main] o.s.b.w.e.t.TomcatWebServer              : Tomcat initialized with port(s): 8080 (http)
2023-04-23 12:15:57.687  INFO MacBook-Air-Nina.local --- [           main] o.a.c.h.Http11NioProtocol                : Initializing ProtocolHandler ["http-nio-8080"]
2023-04-23 12:15:57.688  INFO MacBook-Air-Nina.local --- [           main] o.a.c.c.StandardService                  : Starting service [Tomcat]
2023-04-23 12:15:57.688  INFO MacBook-Air-Nina.local --- [           main] o.a.c.c.StandardEngine                   : Starting Servlet engine: [Apache Tomcat/10.1.5]
2023-04-23 12:15:57.724  INFO MacBook-Air-Nina.local --- [           main] o.a.c.c.C.[.[.[/]                        : Initializing Spring embedded WebApplicationContext
2023-04-23 12:15:57.725  INFO MacBook-Air-Nina.local --- [           main] w.s.c.ServletWebServerApplicationContext : Root WebApplicationContext: initialization completed in 558 ms
2023-04-23 12:15:57.799  INFO MacBook-Air-Nina.local --- [           main] L.s.CalculationServiceImpl               : Statistical data is sent
2023-04-23 12:15:58.025  INFO MacBook-Air-Nina.local --- [           main] o.s.b.a.e.w.EndpointLinksResolver        : Exposing 1 endpoint(s) beneath base path '/actuator'
2023-04-23 12:15:58.046  INFO MacBook-Air-Nina.local --- [           main] o.a.c.h.Http11NioProtocol                : Starting ProtocolHandler ["http-nio-8080"]
2023-04-23 12:15:58.055  INFO MacBook-Air-Nina.local --- [           main] o.s.b.w.e.t.TomcatWebServer              : Tomcat started on port(s): 8080 (http) with context path ''
2023-04-23 12:15:58.064  INFO MacBook-Air-Nina.local --- [           main] L.LW1Application                         : Started LW1Application in 1.053 seconds (process running for 1.586)
2023-04-23 12:16:02.622  INFO MacBook-Air-Nina.local --- [nio-8080-exec-2] o.a.c.c.C.[.[.[/]                        : Initializing Spring DispatcherServlet 'dispatcherServlet'
2023-04-23 12:16:02.622  INFO MacBook-Air-Nina.local --- [nio-8080-exec-2] o.s.w.s.DispatcherServlet                : Initializing Servlet 'dispatcherServlet'
2023-04-23 12:16:02.623  INFO MacBook-Air-Nina.local --- [nio-8080-exec-2] o.s.w.s.DispatcherServlet                : Completed initialization in 1 ms
2023-04-23 12:16:02.681  INFO MacBook-Air-Nina.local --- [nio-8080-exec-2] L.s.CalculationServiceImpl               : Bulk request received!
2023-04-23 12:16:02.681  INFO MacBook-Air-Nina.local --- [nio-8080-exec-2] L.s.CalculationServiceImpl               : Updated number of calls: 1
2023-04-23 12:16:02.681  INFO MacBook-Air-Nina.local --- [nio-8080-exec-2] L.s.CalculationServiceImpl               : Statistical data is sent
2023-04-23 12:16:02.684  INFO MacBook-Air-Nina.local --- [nio-8080-exec-2] L.s.CalculationServiceImpl               : The mean value was calculated
2023-04-23 12:16:02.684  INFO MacBook-Air-Nina.local --- [nio-8080-exec-2] L.s.CalculationServiceImpl               : The mean value was calculated
2023-04-23 12:16:02.684  INFO MacBook-Air-Nina.local --- [nio-8080-exec-2] L.s.CalculationServiceImpl               : The mean value was calculated
2023-04-23 12:16:02.684  INFO MacBook-Air-Nina.local --- [nio-8080-exec-2] L.s.CalculationServiceImpl               : Data retrieved!
2023-04-23 12:16:02.684  INFO MacBook-Air-Nina.local --- [nio-8080-exec-2] L.s.CalculationServiceImpl               : Statistical data is sent
2023-04-23 12:18:52.974  INFO MacBook-Air-Nina.local --- [kground-preinit] o.h.v.i.u.Version                        : HV000001: Hibernate Validator 8.0.0.Final
2023-04-23 12:18:52.993  INFO MacBook-Air-Nina.local --- [           main] L.LW1Application                         : Starting LW1Application using Java 17.0.6 with PID 1363 (/Users/nina/Java/LW1/target/classes started by nina in /Users/nina/Java/LW1)
2023-04-23 12:18:52.995  INFO MacBook-Air-Nina.local --- [           main] L.LW1Application                         : No active profile set, falling back to 1 default profile: "default"
2023-04-23 12:18:53.524  INFO MacBook-Air-Nina.local --- [           main] o.s.b.w.e.t.TomcatWebServer              : Tomcat initialized with port(s): 8080 (http)
2023-04-23 12:18:53.527  INFO MacBook-Air-Nina.local --- [           main] o.a.c.h.Http11NioProtocol                : Initializing ProtocolHandler ["http-nio-8080"]
2023-04-23 12:18:53.528  INFO MacBook-Air-Nina.local --- [           main] o.a.c.c.StandardService                  : Starting service [Tomcat]
2023-04-23 12:18:53.528  INFO MacBook-Air-Nina.local --- [           main] o.a.c.c.StandardEngine                   : Starting Servlet engine: [Apache Tomcat/10.1.5]
2023-04-23 12:18:53.562  INFO MacBook-Air-Nina.local --- [           main] o.a.c.c.C.[.[.[/]                        : Initializing Spring embedded WebApplicationContext
2023-04-23 12:18:53.563  INFO MacBook-Air-Nina.local --- [           main] w.s.c.ServletWebServerApplicationContext : Root WebApplicationContext: initialization completed in 547 ms
2023-04-23 12:18:53.634  INFO MacBook-Air-Nina.local --- [           main] L.s.CalculationServiceImpl               : Statistical data is sent
2023-04-23 12:18:53.839  INFO MacBook-Air-Nina.local --- [           main] o.s.b.a.e.w.EndpointLinksResolver        : Exposing 1 endpoint(s) beneath base path '/actuator'
2023-04-23 12:18:53.860  INFO MacBook-Air-Nina.local --- [           main] o.a.c.h.Http11NioProtocol                : Starting ProtocolHandler ["http-nio-8080"]
2023-04-23 12:18:53.868  INFO MacBook-Air-Nina.local --- [           main] o.s.b.w.e.t.TomcatWebServer              : Tomcat started on port(s): 8080 (http) with context path ''
2023-04-23 12:18:53.876  INFO MacBook-Air-Nina.local --- [           main] L.LW1Application                         : Started LW1Application in 1.025 seconds (process running for 1.469)
2023-04-23 12:19:01.712  INFO MacBook-Air-Nina.local --- [nio-8080-exec-1] o.a.c.c.C.[.[.[/]                        : Initializing Spring DispatcherServlet 'dispatcherServlet'
2023-04-23 12:19:01.713  INFO MacBook-Air-Nina.local --- [nio-8080-exec-1] o.s.w.s.DispatcherServlet                : Initializing Servlet 'dispatcherServlet'
2023-04-23 12:19:01.714  INFO MacBook-Air-Nina.local --- [nio-8080-exec-1] o.s.w.s.DispatcherServlet                : Completed initialization in 1 ms
2023-04-23 12:19:01.767  INFO MacBook-Air-Nina.local --- [nio-8080-exec-1] L.s.CalculationServiceImpl               : Bulk request received!
2023-04-23 12:19:01.767  INFO MacBook-Air-Nina.local --- [nio-8080-exec-1] L.s.CalculationServiceImpl               : Updated number of calls: 1
2023-04-23 12:19:01.767  INFO MacBook-Air-Nina.local --- [nio-8080-exec-1] L.s.CalculationServiceImpl               : Statistical data is sent
2023-04-23 12:19:01.769  INFO MacBook-Air-Nina.local --- [nio-8080-exec-1] L.s.CalculationServiceImpl               : The mean value was calculated
2023-04-23 12:19:01.769  INFO MacBook-Air-Nina.local --- [nio-8080-exec-1] L.s.CalculationServiceImpl               : The mean value was calculated
2023-04-23 12:19:01.770  INFO MacBook-Air-Nina.local --- [nio-8080-exec-1] L.s.CalculationServiceImpl               : The mean value was calculated
2023-04-23 12:19:01.770  INFO MacBook-Air-Nina.local --- [nio-8080-exec-1] L.s.CalculationServiceImpl               : Data retrieved!
2023-04-23 12:19:01.770  INFO MacBook-Air-Nina.local --- [nio-8080-exec-1] L.s.CalculationServiceImpl               : Statistical data is sent
2023-04-23 12:19:51.899  INFO MacBook-Air-Nina.local --- [kground-preinit] o.h.v.i.u.Version                        : HV000001: Hibernate Validator 8.0.0.Final
2023-04-23 12:19:51.920  INFO MacBook-Air-Nina.local --- [           main] L.LW1Application                         : Starting LW1Application using Java 17.0.6 with PID 1371 (/Users/nina/Java/LW1/target/classes started by nina in /Users/nina/Java/LW1)
2023-04-23 12:19:51.922  INFO MacBook-Air-Nina.local --- [           main] L.LW1Application                         : No active profile set, falling back to 1 default profile: "default"
2023-04-23 12:19:52.478  INFO MacBook-Air-Nina.local --- [           main] o.s.b.w.e.t.TomcatWebServer              : Tomcat initialized with port(s): 8080 (http)
2023-04-23 12:19:52.481  INFO MacBook-Air-Nina.local --- [           main] o.a.c.h.Http11NioProtocol                : Initializing ProtocolHandler ["http-nio-8080"]
2023-04-23 12:19:52.482  INFO MacBook-Air-Nina.local --- [           main] o.a.c.c.StandardService                  : Starting service [Tomcat]
2023-04-23 12:19:52.482  INFO MacBook-Air-Nina.local --- [           main] o.a.c.c.StandardEngine                   : Starting Servlet engine: [Apache Tomcat/10.1.5]
2023-04-23 12:19:52.518  INFO MacBook-Air-Nina.local --- [           main] o.a.c.c.C.[.[.[/]                        : Initializing Spring embedded WebApplicationContext
2023-04-23 12:19:52.519  INFO MacBook-Air-Nina.local --- [           main] w.s.c.ServletWebServerApplicationContext : Root WebApplicationContext: initialization completed in 575 ms
2023-04-23 12:19:52.589  INFO MacBook-Air-Nina.local --- [           main] L.s.CalculationServiceImpl               : Statistical data is sent
2023-04-23 12:19:52.815  INFO MacBook-Air-Nina.local --- [           main] o.s.b.a.e.w.EndpointLinksResolver        : Exposing 1 endpoint(s) beneath base path '/actuator'
2023-04-23 12:19:52.837  INFO MacBook-Air-Nina.local --- [           main] o.a.c.h.Http11NioProtocol                : Starting ProtocolHandler ["http-nio-8080"]
2023-04-23 12:19:52.846  INFO MacBook-Air-Nina.local --- [           main] o.s.b.w.e.t.TomcatWebServer              : Tomcat started on port(s): 8080 (http) with context path ''
2023-04-23 12:19:52.858  INFO MacBook-Air-Nina.local --- [           main] L.LW1Application                         : Started LW1Application in 1.071 seconds (process running for 1.62)
2023-04-23 12:19:55.356  INFO MacBook-Air-Nina.local --- [nio-8080-exec-1] o.a.c.c.C.[.[.[/]                        : Initializing Spring DispatcherServlet 'dispatcherServlet'
2023-04-23 12:19:55.356  INFO MacBook-Air-Nina.local --- [nio-8080-exec-1] o.s.w.s.DispatcherServlet                : Initializing Servlet 'dispatcherServlet'
2023-04-23 12:19:55.358  INFO MacBook-Air-Nina.local --- [nio-8080-exec-1] o.s.w.s.DispatcherServlet                : Completed initialization in 0 ms
2023-04-23 12:19:55.405  INFO MacBook-Air-Nina.local --- [nio-8080-exec-1] L.s.CalculationServiceImpl               : Bulk request received!
2023-04-23 12:19:55.405  INFO MacBook-Air-Nina.local --- [nio-8080-exec-1] L.s.CalculationServiceImpl               : Updated number of calls: 1
2023-04-23 12:19:55.406  INFO MacBook-Air-Nina.local --- [nio-8080-exec-1] L.s.CalculationServiceImpl               : Statistical data is sent
2023-04-23 12:19:55.407  INFO MacBook-Air-Nina.local --- [nio-8080-exec-1] L.s.CalculationServiceImpl               : The mean value was calculated
2023-04-23 12:19:55.408  INFO MacBook-Air-Nina.local --- [nio-8080-exec-1] L.s.CalculationServiceImpl               : The mean value was calculated
2023-04-23 12:19:55.408  INFO MacBook-Air-Nina.local --- [nio-8080-exec-1] L.s.CalculationServiceImpl               : The mean value was calculated
2023-04-23 12:19:55.408  INFO MacBook-Air-Nina.local --- [nio-8080-exec-1] L.s.CalculationServiceImpl               : Data retrieved!
2023-04-23 12:19:55.408  INFO MacBook-Air-Nina.local --- [nio-8080-exec-1] L.s.CalculationServiceImpl               : Statistical data is sent
